[ 2016-03-10T11:16:26+08:00 ] 127.0.0.1 /aAdmin/index/index
INFO: [ app_init ] --START--
INFO: Run Behavior\BuildLiteBehavior [ RunTime:0.000019s ]
INFO: [ app_init ] --END-- [ RunTime:0.000839s ]
ERR: 无法加载模块:AAdmin

[ 2016-03-10T13:07:22+08:00 ] 127.0.0.1 /cgi-bin/httpconn
INFO: [ app_init ] --START--
INFO: Run Behavior\BuildLiteBehavior [ RunTime:0.000011s ]
INFO: [ app_init ] --END-- [ RunTime:0.000264s ]
ERR: 无法加载模块:Cgi-bin
NOTIC: [2] Cannot modify header information - headers already sent /Users/zhbitcxy/PhpstormProjects/cxy/ThinkPHP/Library/Think/Think.class.php 第 229 行.
NOTIC: [2] Cannot modify header information - headers already sent /Users/zhbitcxy/PhpstormProjects/cxy/ThinkPHP/Library/Think/Think.class.php 第 230 行.

[ 2016-03-10T13:07:22+08:00 ] 127.0.0.1 /cgi-bin/httpconn
INFO: [ app_init ] --START--
INFO: Run Behavior\BuildLiteBehavior [ RunTime:0.000011s ]
INFO: [ app_init ] --END-- [ RunTime:0.000280s ]
ERR: 无法加载模块:Cgi-bin
NOTIC: [2] Cannot modify header information - headers already sent /Users/zhbitcxy/PhpstormProjects/cxy/ThinkPHP/Library/Think/Think.class.php 第 229 行.
NOTIC: [2] Cannot modify header information - headers already sent /Users/zhbitcxy/PhpstormProjects/cxy/ThinkPHP/Library/Think/Think.class.php 第 230 行.

[ 2016-03-10T13:07:22+08:00 ] 127.0.0.1 /cgi-bin/httpconn
INFO: [ app_init ] --START--
INFO: Run Behavior\BuildLiteBehavior [ RunTime:0.000008s ]
INFO: [ app_init ] --END-- [ RunTime:0.000199s ]
ERR: 无法加载模块:Cgi-bin
NOTIC: [2] Cannot modify header information - headers already sent /Users/zhbitcxy/PhpstormProjects/cxy/ThinkPHP/Library/Think/Think.class.php 第 229 行.
NOTIC: [2] Cannot modify header information - headers already sent /Users/zhbitcxy/PhpstormProjects/cxy/ThinkPHP/Library/Think/Think.class.php 第 230 行.

[ 2016-03-10T13:07:22+08:00 ] 127.0.0.1 /cgi-bin/httpconn
INFO: [ app_init ] --START--
INFO: Run Behavior\BuildLiteBehavior [ RunTime:0.000010s ]
INFO: [ app_init ] --END-- [ RunTime:0.000309s ]
ERR: 无法加载模块:Cgi-bin
NOTIC: [2] Cannot modify header information - headers already sent /Users/zhbitcxy/PhpstormProjects/cxy/ThinkPHP/Library/Think/Think.class.php 第 229 行.
NOTIC: [2] Cannot modify header information - headers already sent /Users/zhbitcxy/PhpstormProjects/cxy/ThinkPHP/Library/Think/Think.class.php 第 230 行.

[ 2016-03-10T13:07:22+08:00 ] 127.0.0.1 /cgi-bin/httpconn
INFO: [ app_init ] --START--
INFO: Run Behavior\BuildLiteBehavior [ RunTime:0.000011s ]
INFO: [ app_init ] --END-- [ RunTime:0.000262s ]
ERR: 无法加载模块:Cgi-bin
NOTIC: [2] Cannot modify header information - headers already sent /Users/zhbitcxy/PhpstormProjects/cxy/ThinkPHP/Library/Think/Think.class.php 第 229 行.
NOTIC: [2] Cannot modify header information - headers already sent /Users/zhbitcxy/PhpstormProjects/cxy/ThinkPHP/Library/Think/Think.class.php 第 230 行.

[ 2016-03-10T13:07:22+08:00 ] 127.0.0.1 /cgi-bin/httpconn
INFO: [ app_init ] --START--
INFO: Run Behavior\BuildLiteBehavior [ RunTime:0.000017s ]
INFO: [ app_init ] --END-- [ RunTime:0.000216s ]
ERR: 无法加载模块:Cgi-bin
NOTIC: [2] Cannot modify header information - headers already sent /Users/zhbitcxy/PhpstormProjects/cxy/ThinkPHP/Library/Think/Think.class.php 第 229 行.
NOTIC: [2] Cannot modify header information - headers already sent /Users/zhbitcxy/PhpstormProjects/cxy/ThinkPHP/Library/Think/Think.class.php 第 230 行.

[ 2016-03-10T13:07:22+08:00 ] 127.0.0.1 /cgi-bin/httpconn
INFO: [ app_init ] --START--
INFO: Run Behavior\BuildLiteBehavior [ RunTime:0.000011s ]
INFO: [ app_init ] --END-- [ RunTime:0.000258s ]
ERR: 无法加载模块:Cgi-bin
NOTIC: [2] Cannot modify header information - headers already sent /Users/zhbitcxy/PhpstormProjects/cxy/ThinkPHP/Library/Think/Think.class.php 第 229 行.
NOTIC: [2] Cannot modify header information - headers already sent /Users/zhbitcxy/PhpstormProjects/cxy/ThinkPHP/Library/Think/Think.class.php 第 230 行.

[ 2016-03-10T13:07:23+08:00 ] 127.0.0.1 /cgi-bin/httpconn
INFO: [ app_init ] --START--
INFO: Run Behavior\BuildLiteBehavior [ RunTime:0.000016s ]
INFO: [ app_init ] --END-- [ RunTime:0.000430s ]
ERR: 无法加载模块:Cgi-bin
NOTIC: [2] Cannot modify header information - headers already sent /Users/zhbitcxy/PhpstormProjects/cxy/ThinkPHP/Library/Think/Think.class.php 第 229 行.
NOTIC: [2] Cannot modify header information - headers already sent /Users/zhbitcxy/PhpstormProjects/cxy/ThinkPHP/Library/Think/Think.class.php 第 230 行.

[ 2016-03-10T13:07:23+08:00 ] 127.0.0.1 /cgi-bin/httpconn
INFO: [ app_init ] --START--
INFO: Run Behavior\BuildLiteBehavior [ RunTime:0.000015s ]
INFO: [ app_init ] --END-- [ RunTime:0.000369s ]
ERR: 无法加载模块:Cgi-bin
NOTIC: [2] Cannot modify header information - headers already sent /Users/zhbitcxy/PhpstormProjects/cxy/ThinkPHP/Library/Think/Think.class.php 第 229 行.
NOTIC: [2] Cannot modify header information - headers already sent /Users/zhbitcxy/PhpstormProjects/cxy/ThinkPHP/Library/Think/Think.class.php 第 230 行.

[ 2016-03-10T13:07:23+08:00 ] 127.0.0.1 /cgi-bin/httpconn
INFO: [ app_init ] --START--
INFO: Run Behavior\BuildLiteBehavior [ RunTime:0.000009s ]
INFO: [ app_init ] --END-- [ RunTime:0.000220s ]
ERR: 无法加载模块:Cgi-bin
NOTIC: [2] Cannot modify header information - headers already sent /Users/zhbitcxy/PhpstormProjects/cxy/ThinkPHP/Library/Think/Think.class.php 第 229 行.
NOTIC: [2] Cannot modify header information - headers already sent /Users/zhbitcxy/PhpstormProjects/cxy/ThinkPHP/Library/Think/Think.class.php 第 230 行.

[ 2016-03-10T13:07:23+08:00 ] 127.0.0.1 /cgi-bin/httpconn
INFO: [ app_init ] --START--
INFO: Run Behavior\BuildLiteBehavior [ RunTime:0.000011s ]
INFO: [ app_init ] --END-- [ RunTime:0.000264s ]
ERR: 无法加载模块:Cgi-bin
NOTIC: [2] Cannot modify header information - headers already sent /Users/zhbitcxy/PhpstormProjects/cxy/ThinkPHP/Library/Think/Think.class.php 第 229 行.
NOTIC: [2] Cannot modify header information - headers already sent /Users/zhbitcxy/PhpstormProjects/cxy/ThinkPHP/Library/Think/Think.class.php 第 230 行.

